<?xml version="1.0" encoding="UTF-8" ?>
<testsuite errors="0" skipped="0" tests="4" time="0.072" failures="0" name="com.sonatype.training.babble.services.BabbleManagerTest">
  <properties>
[...]
</properties>
  <testcase classname="com.sonatype.training.babble.services.BabbleManagerTest" time="0.045" name="shouldRegisterNewUserWithUniqueName"/>
  <testcase classname="com.sonatype.training.babble.services.BabbleManagerTest" time="0.001" name="shouldNotRegisterNewUserWithExistingName"/>
  <testcase classname="com.sonatype.training.babble.services.BabbleManagerTest" time="0" name="shouldListAllBabblers"/>
  <testcase classname="com.sonatype.training.babble.services.BabbleManagerTest" time="0" name="shoulddListAllBabblersInImmutableList"/>
</testsuite>